🦞 股价预警脚本 - 2026-03-10 11:43:01
预警阈值：上涨≥5.0% | 下跌≤-5.0%
============================================================
[INFO] 中兴通讯 当前价：36.40 元 (+1.96%)
[INFO] ✅ 股价正常，未触发预警
🦞 股价预警脚本 - 2026-03-10 11:44:01
预警阈值：上涨≥5.0% | 下跌≤-5.0%
============================================================
[INFO] 中兴通讯 当前价：36.40 元 (+1.96%)
[INFO] ✅ 股价正常，未触发预警
🦞 股价预警脚本 - 2026-03-10 11:45:01
预警阈值：上涨≥5.0% | 下跌≤-5.0%
============================================================
[INFO] 中兴通讯 当前价：36.40 元 (+1.96%)
[INFO] ✅ 股价正常，未触发预警
🦞 股价预警脚本 - 2026-03-10 11:46:01
预警阈值：上涨≥5.0% | 下跌≤-5.0%
============================================================
[INFO] 中兴通讯 当前价：36.40 元 (+1.96%)
[INFO] ✅ 股价正常，未触发预警
🦞 股价预警脚本 - 2026-03-10 11:47:01
预警阈值：上涨≥5.0% | 下跌≤-5.0%
============================================================
[INFO] 中兴通讯 当前价：36.40 元 (+1.96%)
[INFO] ✅ 股价正常，未触发预警
🦞 股价预警脚本 - 2026-03-10 11:48:01
预警阈值：上涨≥5.0% | 下跌≤-5.0%
============================================================
[INFO] 中兴通讯 当前价：36.40 元 (+1.96%)
[INFO] ✅ 股价正常，未触发预警
🦞 股价预警脚本 - 2026-03-10 11:49:01
预警阈值：上涨≥5.0% | 下跌≤-5.0%
============================================================
[INFO] 中兴通讯 当前价：36.40 元 (+1.96%)
[INFO] ✅ 股价正常，未触发预警
🦞 股价预警脚本 - 2026-03-10 11:50:01
预警阈值：上涨≥5.0% | 下跌≤-5.0%
============================================================
[INFO] 中兴通讯 当前价：36.40 元 (+1.96%)
[INFO] ✅ 股价正常，未触发预警
🦞 股价预警脚本 - 2026-03-10 11:51:01
预警阈值：上涨≥5.0% | 下跌≤-5.0%
============================================================
[INFO] 中兴通讯 当前价：36.40 元 (+1.96%)
[INFO] ✅ 股价正常，未触发预警
🦞 股价预警脚本 - 2026-03-10 11:55:02
预警阈值：上涨≥5.0% | 下跌≤-5.0%
============================================================
[INFO] 中兴通讯 当前价：36.40 元 (+1.96%)
[INFO] ✅ 股价正常，未触发预警
🦞 股价预警脚本 - 2026-03-10 13:00:01
预警阈值：上涨≥5.0% | 下跌≤-5.0%
============================================================
[INFO] 中兴通讯 当前价：36.40 元 (+1.96%)
[INFO] ✅ 股价正常，未触发预警
🦞 股价预警脚本 - 2026-03-10 13:05:01
预警阈值：上涨≥5.0% | 下跌≤-5.0%
============================================================
[INFO] 中兴通讯 当前价：36.64 元 (+2.63%)
[INFO] ✅ 股价正常，未触发预警
🦞 股价预警脚本 - 2026-03-10 13:10:02
预警阈值：上涨≥5.0% | 下跌≤-5.0%
============================================================
[INFO] 中兴通讯 当前价：36.58 元 (+2.46%)
[INFO] ✅ 股价正常，未触发预警
🦞 股价预警脚本 - 2026-03-10 13:15:01
预警阈值：上涨≥5.0% | 下跌≤-5.0%
============================================================
[INFO] 中兴通讯 当前价：36.67 元 (+2.72%)
[INFO] ✅ 股价正常，未触发预警
🦞 股价预警脚本 - 2026-03-10 13:20:01
预警阈值：上涨≥5.0% | 下跌≤-5.0%
============================================================
[INFO] 中兴通讯 当前价：36.57 元 (+2.44%)
[INFO] ✅ 股价正常，未触发预警
🦞 股价预警脚本 - 2026-03-10 13:25:01
预警阈值：上涨≥5.0% | 下跌≤-5.0%
============================================================
[INFO] 中兴通讯 当前价：36.60 元 (+2.52%)
[INFO] ✅ 股价正常，未触发预警
🦞 股价预警脚本 - 2026-03-10 13:30:01
预警阈值：上涨≥5.0% | 下跌≤-5.0%
============================================================
[INFO] 中兴通讯 当前价：36.61 元 (+2.55%)
[INFO] ✅ 股价正常，未触发预警
🦞 股价预警脚本 - 2026-03-10 13:35:02
预警阈值：上涨≥5.0% | 下跌≤-5.0%
============================================================
[INFO] 中兴通讯 当前价：36.70 元 (+2.80%)
[INFO] ✅ 股价正常，未触发预警
🦞 股价预警脚本 - 2026-03-10 13:40:01
预警阈值：上涨≥5.0% | 下跌≤-5.0%
============================================================
[INFO] 中兴通讯 当前价：36.66 元 (+2.69%)
[INFO] ✅ 股价正常，未触发预警
🦞 股价预警脚本 - 2026-03-10 13:45:01
预警阈值：上涨≥5.0% | 下跌≤-5.0%
============================================================
[INFO] 中兴通讯 当前价：36.68 元 (+2.75%)
[INFO] ✅ 股价正常，未触发预警
🦞 股价预警脚本 - 2026-03-10 13:50:01
预警阈值：上涨≥5.0% | 下跌≤-5.0%
============================================================
[INFO] 中兴通讯 当前价：36.88 元 (+3.31%)
[INFO] ✅ 股价正常，未触发预警
🦞 股价预警脚本 - 2026-03-10 13:55:01
预警阈值：上涨≥5.0% | 下跌≤-5.0%
============================================================
[INFO] 中兴通讯 当前价：36.83 元 (+3.17%)
[INFO] ✅ 股价正常，未触发预警
🦞 股价预警脚本 - 2026-03-10 14:00:01
预警阈值：上涨≥5.0% | 下跌≤-5.0%
============================================================
[INFO] 中兴通讯 当前价：36.83 元 (+3.17%)
[INFO] ✅ 股价正常，未触发预警
🦞 股价预警脚本 - 2026-03-10 14:05:02
预警阈值：上涨≥5.0% | 下跌≤-5.0%
============================================================
[INFO] 中兴通讯 当前价：36.90 元 (+3.36%)
[INFO] ✅ 股价正常，未触发预警
🦞 股价预警脚本 - 2026-03-10 14:10:01
预警阈值：上涨≥5.0% | 下跌≤-5.0%
============================================================
[INFO] 中兴通讯 当前价：36.88 元 (+3.31%)
[INFO] ✅ 股价正常，未触发预警
🦞 股价预警脚本 - 2026-03-10 14:15:01
预警阈值：上涨≥5.0% | 下跌≤-5.0%
============================================================
[INFO] 中兴通讯 当前价：36.82 元 (+3.14%)
[INFO] ✅ 股价正常，未触发预警
🦞 股价预警脚本 - 2026-03-10 14:20:01
预警阈值：上涨≥5.0% | 下跌≤-5.0%
============================================================
[INFO] 中兴通讯 当前价：36.80 元 (+3.08%)
[INFO] ✅ 股价正常，未触发预警
🦞 股价预警脚本 - 2026-03-10 14:25:01
预警阈值：上涨≥5.0% | 下跌≤-5.0%
============================================================
[INFO] 中兴通讯 当前价：36.81 元 (+3.11%)
[INFO] ✅ 股价正常，未触发预警
🦞 股价预警脚本 - 2026-03-10 14:30:01
预警阈值：上涨≥5.0% | 下跌≤-5.0%
============================================================
[INFO] 中兴通讯 当前价：36.80 元 (+3.08%)
[INFO] ✅ 股价正常，未触发预警
🦞 股价预警脚本 - 2026-03-10 14:35:01
预警阈值：上涨≥5.0% | 下跌≤-5.0%
============================================================
[INFO] 中兴通讯 当前价：36.85 元 (+3.22%)
[INFO] ✅ 股价正常，未触发预警
🦞 股价预警脚本 - 2026-03-10 14:40:01
预警阈值：上涨≥5.0% | 下跌≤-5.0%
============================================================
[INFO] 中兴通讯 当前价：36.83 元 (+3.17%)
[INFO] ✅ 股价正常，未触发预警
🦞 股价预警脚本 - 2026-03-10 14:45:01
预警阈值：上涨≥5.0% | 下跌≤-5.0%
============================================================
[INFO] 中兴通讯 当前价：36.87 元 (+3.28%)
[INFO] ✅ 股价正常，未触发预警
🦞 股价预警脚本 - 2026-03-10 14:50:01
预警阈值：上涨≥5.0% | 下跌≤-5.0%
============================================================
[INFO] 中兴通讯 当前价：36.87 元 (+3.28%)
[INFO] ✅ 股价正常，未触发预警
🦞 股价预警脚本 - 2026-03-10 14:55:01
预警阈值：上涨≥5.0% | 下跌≤-5.0%
============================================================
[INFO] 中兴通讯 当前价：36.86 元 (+3.25%)
[INFO] ✅ 股价正常，未触发预警
🦞 股价预警脚本 - 2026-03-10 15:00:02
预警阈值：上涨≥5.0% | 下跌≤-5.0%
============================================================
[INFO] 中兴通讯 当前价：36.88 元 (+3.31%)
[INFO] ✅ 股价正常，未触发预警
🦞 股价预警脚本 - 2026-03-10 15:05:01
预警阈值：上涨≥5.0% | 下跌≤-5.0%
============================================================
[INFO] 中兴通讯 当前价：36.87 元 (+3.28%)
[INFO] ✅ 股价正常，未触发预警
🦞 股价预警脚本 - 2026-03-10 15:10:01
预警阈值：上涨≥5.0% | 下跌≤-5.0%
============================================================
[INFO] 中兴通讯 当前价：36.87 元 (+3.28%)
[INFO] ✅ 股价正常，未触发预警
🦞 股价预警脚本 - 2026-03-10 15:15:01
预警阈值：上涨≥5.0% | 下跌≤-5.0%
============================================================
[INFO] 中兴通讯 当前价：36.87 元 (+3.28%)
[INFO] ✅ 股价正常，未触发预警
🦞 股价预警脚本 - 2026-03-10 15:20:01
预警阈值：上涨≥5.0% | 下跌≤-5.0%
============================================================
[INFO] 中兴通讯 当前价：36.87 元 (+3.28%)
[INFO] ✅ 股价正常，未触发预警
🦞 股价预警脚本 - 2026-03-10 15:25:01
预警阈值：上涨≥5.0% | 下跌≤-5.0%
============================================================
[INFO] 中兴通讯 当前价：36.87 元 (+3.28%)
[INFO] ✅ 股价正常，未触发预警
🦞 股价预警脚本 - 2026-03-10 15:30:01
预警阈值：上涨≥5.0% | 下跌≤-5.0%
============================================================
[INFO] 中兴通讯 当前价：36.87 元 (+3.28%)
[INFO] ✅ 股价正常，未触发预警
🦞 股价预警脚本 - 2026-03-10 15:35:01
预警阈值：上涨≥5.0% | 下跌≤-5.0%
============================================================
[INFO] 中兴通讯 当前价：36.87 元 (+3.28%)
[INFO] ✅ 股价正常，未触发预警
