🦞 多股票监控 - 2026-03-10 13:00:01
============================================================
[INFO] 配置股票数量：3
[INFO] 启用股票数量：3

[INFO] 获取 中兴通讯(000063) 股价...
  ✅ 当前价：36.39 元 (+1.93%)

[INFO] 获取 平安银行(000001) 股价...
  ✅ 当前价：10.76 元 (+0.00%)

[INFO] 获取 万科 A(000002) 股价...
  ✅ 当前价：4.67 元 (+0.43%)

[INFO] 推送格式：single

[INFO] 单独推送每只股票

[1/3] 中兴通讯 - 推送消息
[INFO] 消息已写入：/home/yy/.openclaw/workspace-jerry/scripts/output/stock_000063.txt
[INFO] 发送飞书消息...
[INFO] ✅ 飞书推送成功！

[2/3] 平安银行 - 推送消息
[INFO] 消息已写入：/home/yy/.openclaw/workspace-jerry/scripts/output/stock_000001.txt
[INFO] 发送飞书消息...
[INFO] ✅ 飞书推送成功！

[3/3] 万科 A - 推送消息
[INFO] 消息已写入：/home/yy/.openclaw/workspace-jerry/scripts/output/stock_000002.txt
[INFO] 发送飞书消息...
[INFO] ✅ 飞书推送成功！

✅ 多股票监控完成！
🦞 多股票监控 - 2026-03-10 13:30:01
============================================================
[INFO] 配置股票数量：1
[INFO] 启用股票数量：1

[INFO] 获取 中兴通讯(000063) 股价...
  ✅ 当前价：36.61 元 (+2.55%)

[INFO] 推送格式：single

[INFO] 单独推送每只股票

[1/1] 中兴通讯 - 推送消息
[INFO] 消息已写入：/home/yy/.openclaw/workspace-jerry/scripts/output/stock_000063.txt
[INFO] 发送飞书消息...
[INFO] ✅ 飞书推送成功！

✅ 多股票监控完成！
🦞 多股票监控 - 2026-03-10 14:00:01
============================================================
[INFO] 配置股票数量：1
[INFO] 启用股票数量：1

[INFO] 获取 中兴通讯(000063) 股价...
  ✅ 当前价：36.83 元 (+3.17%)

[INFO] 推送格式：single

[INFO] 单独推送每只股票

[1/1] 中兴通讯 - 推送消息
[INFO] 消息已写入：/home/yy/.openclaw/workspace-jerry/scripts/output/stock_000063.txt
[INFO] 发送飞书消息...
[INFO] ✅ 飞书推送成功！

✅ 多股票监控完成！
🦞 多股票监控 - 2026-03-10 14:30:01
============================================================
[INFO] 配置股票数量：1
[INFO] 启用股票数量：1

[INFO] 获取 中兴通讯(000063) 股价...
  ✅ 当前价：36.80 元 (+3.08%)

[INFO] 推送格式：single

[INFO] 单独推送每只股票

[1/1] 中兴通讯 - 推送消息
[INFO] 消息已写入：/home/yy/.openclaw/workspace-jerry/scripts/output/stock_000063.txt
[INFO] 发送飞书消息...
[INFO] ✅ 飞书推送成功！

✅ 多股票监控完成！
🦞 多股票监控 - 2026-03-10 15:00:02
============================================================
[INFO] 配置股票数量：1
[INFO] 启用股票数量：1

[INFO] 获取 中兴通讯(000063) 股价...
  ✅ 当前价：36.88 元 (+3.31%)

[INFO] 推送格式：single

[INFO] 单独推送每只股票

[1/1] 中兴通讯 - 推送消息
[INFO] 消息已写入：/home/yy/.openclaw/workspace-jerry/scripts/output/stock_000063.txt
[INFO] 发送飞书消息...
[INFO] ✅ 飞书推送成功！

✅ 多股票监控完成！
🦞 多股票监控 - 2026-03-10 15:30:01
============================================================
[INFO] 配置股票数量：1
[INFO] 启用股票数量：1

[INFO] 获取 中兴通讯(000063) 股价...
  ✅ 当前价：36.87 元 (+3.28%)

[INFO] 推送格式：single

[INFO] 单独推送每只股票

[1/1] 中兴通讯 - 推送消息
[INFO] 消息已写入：/home/yy/.openclaw/workspace-jerry/scripts/output/stock_000063.txt
[INFO] 发送飞书消息...
[INFO] ✅ 飞书推送成功！

✅ 多股票监控完成！
🦞 多股票监控 - 2026-03-11 09:00:01
============================================================
[INFO] 配置股票数量：1
[INFO] 启用股票数量：1

[INFO] 获取 中兴通讯(000063) 股价...
  ✅ 当前价：36.87 元 (+3.28%)

[INFO] 推送格式：single

[INFO] 单独推送每只股票

[1/1] 中兴通讯 - 推送消息
[INFO] 消息已写入：/home/yy/.openclaw/workspace-jerry/scripts/output/stock_000063.txt
[INFO] 发送飞书消息...
[INFO] ✅ 飞书推送成功！

✅ 多股票监控完成！
🦞 多股票监控 - 2026-03-11 09:30:01
============================================================
[INFO] 配置股票数量：1
[INFO] 启用股票数量：1

[INFO] 获取 中兴通讯(000063) 股价...
  ✅ 当前价：37.00 元 (+0.35%)

[INFO] 推送格式：single

[INFO] 单独推送每只股票

[1/1] 中兴通讯 - 推送消息
[INFO] 消息已写入：/home/yy/.openclaw/workspace-jerry/scripts/output/stock_000063.txt
[INFO] 发送飞书消息...
[INFO] ✅ 飞书推送成功！

✅ 多股票监控完成！
🦞 多股票监控 - 2026-03-11 10:00:01
============================================================
[INFO] 配置股票数量：1
[INFO] 启用股票数量：1

[INFO] 获取 中兴通讯(000063) 股价...
  ✅ 当前价：37.37 元 (+1.36%)

[INFO] 推送格式：single

[INFO] 单独推送每只股票

[1/1] 中兴通讯 - 推送消息
[INFO] 消息已写入：/home/yy/.openclaw/workspace-jerry/scripts/output/stock_000063.txt
[INFO] 发送飞书消息...
[INFO] ✅ 飞书推送成功！

✅ 多股票监控完成！
🦞 多股票监控 - 2026-03-11 10:30:02
============================================================
[INFO] 配置股票数量：1
[INFO] 启用股票数量：1

[INFO] 获取 中兴通讯(000063) 股价...
  ✅ 当前价：37.47 元 (+1.63%)

[INFO] 推送格式：single

[INFO] 单独推送每只股票

[1/1] 中兴通讯 - 推送消息
[INFO] 消息已写入：/home/yy/.openclaw/workspace-jerry/scripts/output/stock_000063.txt
[INFO] 发送飞书消息...
[INFO] ✅ 飞书推送成功！

✅ 多股票监控完成！
🦞 多股票监控 - 2026-03-11 11:00:01
============================================================
[INFO] 配置股票数量：1
[INFO] 启用股票数量：1

[INFO] 获取 中兴通讯(000063) 股价...
  ✅ 当前价：37.51 元 (+1.74%)

[INFO] 推送格式：single

[INFO] 单独推送每只股票

[1/1] 中兴通讯 - 推送消息
[INFO] 消息已写入：/home/yy/.openclaw/workspace-jerry/scripts/output/stock_000063.txt
[INFO] 发送飞书消息...
[INFO] ✅ 飞书推送成功！

✅ 多股票监控完成！
🦞 多股票监控 - 2026-03-11 11:30:01
============================================================
[INFO] 配置股票数量：1
[INFO] 启用股票数量：1

[INFO] 获取 中兴通讯(000063) 股价...
  ✅ 当前价：37.49 元 (+1.68%)

[INFO] 推送格式：single

[INFO] 单独推送每只股票

[1/1] 中兴通讯 - 推送消息
[INFO] 消息已写入：/home/yy/.openclaw/workspace-jerry/scripts/output/stock_000063.txt
[INFO] 发送飞书消息...
[INFO] ✅ 飞书推送成功！

✅ 多股票监控完成！
🦞 多股票监控 - 2026-03-11 13:00:01
============================================================
[INFO] 配置股票数量：1
[INFO] 启用股票数量：1

[INFO] 获取 中兴通讯(000063) 股价...
  ✅ 当前价：37.50 元 (+1.71%)

[INFO] 推送格式：single

[INFO] 单独推送每只股票

[1/1] 中兴通讯 - 推送消息
[INFO] 消息已写入：/home/yy/.openclaw/workspace-jerry/scripts/output/stock_000063.txt
[INFO] 发送飞书消息...
[INFO] ✅ 飞书推送成功！

✅ 多股票监控完成！
🦞 多股票监控 - 2026-03-11 13:30:01
============================================================
[INFO] 配置股票数量：1
[INFO] 启用股票数量：1

[INFO] 获取 中兴通讯(000063) 股价...
  ✅ 当前价：37.17 元 (+0.81%)

[INFO] 推送格式：single

[INFO] 单独推送每只股票

[1/1] 中兴通讯 - 推送消息
[INFO] 消息已写入：/home/yy/.openclaw/workspace-jerry/scripts/output/stock_000063.txt
[INFO] 发送飞书消息...
[INFO] ✅ 飞书推送成功！

✅ 多股票监控完成！
🦞 多股票监控 - 2026-03-11 14:00:01
============================================================
[INFO] 配置股票数量：1
[INFO] 启用股票数量：1

[INFO] 获取 中兴通讯(000063) 股价...
  ✅ 当前价：37.14 元 (+0.73%)

[INFO] 推送格式：single

[INFO] 单独推送每只股票

[1/1] 中兴通讯 - 推送消息
[INFO] 消息已写入：/home/yy/.openclaw/workspace-jerry/scripts/output/stock_000063.txt
[INFO] 发送飞书消息...
[INFO] ✅ 飞书推送成功！

✅ 多股票监控完成！
🦞 多股票监控 - 2026-03-11 14:30:01
============================================================
[INFO] 配置股票数量：1
[INFO] 启用股票数量：1

[INFO] 获取 中兴通讯(000063) 股价...
  ✅ 当前价：37.17 元 (+0.81%)

[INFO] 推送格式：single

[INFO] 单独推送每只股票

[1/1] 中兴通讯 - 推送消息
[INFO] 消息已写入：/home/yy/.openclaw/workspace-jerry/scripts/output/stock_000063.txt
[INFO] 发送飞书消息...
[INFO] ✅ 飞书推送成功！

✅ 多股票监控完成！
🦞 多股票监控 - 2026-03-11 15:00:02
============================================================
[INFO] 配置股票数量：1
[INFO] 启用股票数量：1

[INFO] 获取 中兴通讯(000063) 股价...
  ✅ 当前价：37.12 元 (+0.68%)

[INFO] 推送格式：single

[INFO] 单独推送每只股票

[1/1] 中兴通讯 - 推送消息
[INFO] 消息已写入：/home/yy/.openclaw/workspace-jerry/scripts/output/stock_000063.txt
[INFO] 发送飞书消息...
[INFO] ✅ 飞书推送成功！

✅ 多股票监控完成！
🦞 多股票监控 - 2026-03-11 15:30:01
============================================================
[INFO] 配置股票数量：1
[INFO] 启用股票数量：1

[INFO] 获取 中兴通讯(000063) 股价...
  ✅ 当前价：37.12 元 (+0.68%)

[INFO] 推送格式：single

[INFO] 单独推送每只股票

[1/1] 中兴通讯 - 推送消息
[INFO] 消息已写入：/home/yy/.openclaw/workspace-jerry/scripts/output/stock_000063.txt
[INFO] 发送飞书消息...
[INFO] ✅ 飞书推送成功！

✅ 多股票监控完成！
