🦞 股价推送脚本 - 2026-03-10 11:30:01
[INFO] 中兴通讯 当前价：36.40 元 (+1.96%)
[INFO] 消息已写入：/home/yy/.openclaw/workspace-jerry/scripts/output/price_alert.txt

📈【中兴通讯 000063 股价提醒】
⏰ 时间：2026-03-10 11:29

💹 实时股价
  当前价：36.40 元 (+1.96%)
  涨跌额：+0.70 元
  
📊 今日行情
  昨收：35.70 元
  开盘：36.16 元
  最高：36.78 元
  最低：36.06 元
  成交量：592,013 手

---
🤖 交易时间实时监控 | 每 30 分钟推送
🦞 股价推送脚本 - 2026-03-10 13:00:01
[INFO] 中兴通讯 当前价：36.40 元 (+1.96%)
[INFO] 消息已写入：/home/yy/.openclaw/workspace-jerry/scripts/output/price_alert.txt
[INFO] 正在发送飞书消息...
[INFO] ✅ 飞书推送成功！
[INFO] ✅ 飞书推送成功！

📈【中兴通讯 000063 股价提醒】
⏰ 时间：2026-03-10 12:59

💹 实时股价
  当前价：36.40 元 (+1.96%)
  涨跌额：+0.70 元
  
📊 今日行情
  昨收：35.70 元
  开盘：36.16 元
  最高：36.78 元
  最低：36.06 元
  成交量：592,023 手

---
🤖 交易时间实时监控 | 每 30 分钟推送
🦞 股价推送脚本 - 2026-03-10 13:30:01
[INFO] 中兴通讯 当前价：36.61 元 (+2.55%)
[INFO] 消息已写入：/home/yy/.openclaw/workspace-jerry/scripts/output/price_alert.txt
[INFO] 正在发送飞书消息...
[INFO] ✅ 飞书推送成功！
[INFO] ✅ 飞书推送成功！

📈【中兴通讯 000063 股价提醒】
⏰ 时间：2026-03-10 13:30

💹 实时股价
  当前价：36.61 元 (+2.55%)
  涨跌额：+0.91 元
  
📊 今日行情
  昨收：35.70 元
  开盘：36.16 元
  最高：36.78 元
  最低：36.06 元
  成交量：681,416 手

---
🤖 交易时间实时监控 | 每 30 分钟推送
